#
# There is insufficient memory for the Java Runtime Environment to continue.
# Native memory allocation (malloc) failed to allocate 624288 bytes. Error detail: Chunk::new
# Possible reasons:
#   The system is out of physical RAM or swap space
#   This process is running with CompressedOops enabled, and the Java Heap may be blocking the growth of the native heap
# Possible solutions:
#   Reduce memory load on the system
#   Increase physical memory or swap space
#   Check if swap backing store is full
#   Decrease Java heap size (-Xmx/-Xms)
#   Decrease number of Java threads
#   Decrease Java thread stack sizes (-Xss)
#   Set larger code cache with -XX:ReservedCodeCacheSize=
#   JVM is running with Unscaled Compressed Oops mode in which the Java heap is
#     placed in the first 4GB address space. The Java Heap base address is the
#     maximum limit for the native heap growth. Please use -XX:HeapBaseMinAddress
#     to set the Java Heap base and to place the Java Heap above 4GB virtual address.
# This output file may be truncated or incomplete.
#
#  Out of Memory Error (arena.cpp:191), pid=10112, tid=10036
#
# JRE version: OpenJDK Runtime Environment Temurin-17.0.12+7 (17.0.12+7) (build 17.0.12+7)
# Java VM: OpenJDK 64-Bit Server VM Temurin-17.0.12+7 (17.0.12+7, mixed mode, tiered, compressed oops, compressed class ptrs, parallel gc, windows-amd64)
# No core dump will be written. Minidumps are not enabled by default on client versions of Windows
#

---------------  S U M M A R Y ------------

Command Line: --add-modules=ALL-SYSTEM --add-opens=java.base/java.util=ALL-UNNAMED --add-opens=java.base/java.lang=ALL-UNNAMED --add-opens=java.base/sun.nio.fs=ALL-UNNAMED -Declipse.application=org.eclipse.jdt.ls.core.id1 -Dosgi.bundles.defaultStartLevel=4 -Declipse.product=org.eclipse.jdt.ls.core.product -Djava.import.generatesMetadataFilesAtProjectRoot=false -DDetectVMInstallationsJob.disabled=true -Dfile.encoding=utf8 -XX:+UseParallelGC -XX:GCTimeRatio=4 -XX:AdaptiveSizePolicyWeight=90 -Dsun.zip.disableMemoryMapping=true -Xmx1G -Xms100m -Xlog:disable -javaagent:c:\Users\MSI\.vscode\extensions\redhat.java-1.35.1-win32-x64\lombok\lombok-1.18.33.jar c:\Users\MSI\.vscode\extensions\redhat.java-1.35.1-win32-x64\server\plugins\org.eclipse.equinox.launcher_1.6.900.v20240613-2009.jar -configuration c:\Users\MSI\AppData\Roaming\Code\User\globalStorage\redhat.java\1.35.1\config_ss_win -data c:\Users\MSI\AppData\Roaming\Code\User\workspaceStorage\c1d34ecf8d0e7b3dbf21a85724bc6585\redhat.java\ss_ws --pipe=\\.\pipe\lsp-1e71ceee1e4941667e1a4bc968e21db3-sock

Host: AMD Ryzen 7 5700U with Radeon Graphics         , 16 cores, 15G,  Windows 11 , 64 bit Build 22621 (10.0.22621.3958)
Time: Sat Oct 26 18:30:44 2024 AUS Eastern Daylight Time elapsed time: 1.202594 seconds (0d 0h 0m 1s)

---------------  T H R E A D  ---------------

Current thread (0x000002129c932580):  JavaThread "C2 CompilerThread2" daemon [_thread_in_native, id=10036, stack(0x0000006592900000,0x0000006592a00000)]


Current CompileTask:
C2:   1202  740   !   4       java.util.jar.Attributes::read (498 bytes)

Stack: [0x0000006592900000,0x0000006592a00000]
Native frames: (J=compiled Java code, j=interpreted, Vv=VM code, C=native code)
V  [jvm.dll+0x67f929]
V  [jvm.dll+0x8371ba]
V  [jvm.dll+0x838c7e]
V  [jvm.dll+0x8392e3]
V  [jvm.dll+0x24834f]
V  [jvm.dll+0xac9d4]
V  [jvm.dll+0xad01c]
V  [jvm.dll+0x3674a7]
V  [jvm.dll+0x1bd562]
V  [jvm.dll+0x21aa09]
V  [jvm.dll+0x219cf1]
V  [jvm.dll+0x1a58bd]
V  [jvm.dll+0x229a2d]
V  [jvm.dll+0x227bdc]
V  [jvm.dll+0x7ec1f7]
V  [jvm.dll+0x7e65dc]
V  [jvm.dll+0x67e7f7]
C  [ucrtbase.dll+0x29333]
C  [KERNEL32.DLL+0x1257d]
C  [ntdll.dll+0x5af28]


---------------  P R O C E S S  ---------------

Threads class SMR info:
_java_thread_list=0x0000021295567ef0, length=17, elements={
0x00000212ffb1be30, 0x00000212ffbc8fc0, 0x00000212ffbc9a90, 0x000002129556cf00,
0x000002129556d7d0, 0x000002129556eae0, 0x000002129a79ac30, 0x000002129a79c120,
0x000002129a7a3fe0, 0x000002129a7a50d0, 0x000002129a8ebff0, 0x000002129a915980,
0x000002129a91d640, 0x000002129aa1c8b0, 0x000002129aa6ee60, 0x000002129c84a070,
0x000002129c932580
}

Java Threads: ( => current thread )
  0x00000212ffb1be30 JavaThread "main" [_thread_in_native, id=19112, stack(0x0000006591600000,0x0000006591700000)]
  0x00000212ffbc8fc0 JavaThread "Reference Handler" daemon [_thread_blocked, id=26920, stack(0x0000006591900000,0x0000006591a00000)]
  0x00000212ffbc9a90 JavaThread "Finalizer" daemon [_thread_blocked, id=27548, stack(0x0000006591a00000,0x0000006591b00000)]
  0x000002129556cf00 JavaThread "Signal Dispatcher" daemon [_thread_blocked, id=12264, stack(0x0000006591b00000,0x0000006591c00000)]
  0x000002129556d7d0 JavaThread "Attach Listener" daemon [_thread_blocked, id=16824, stack(0x0000006591c00000,0x0000006591d00000)]
  0x000002129556eae0 JavaThread "Service Thread" daemon [_thread_blocked, id=4840, stack(0x0000006591d00000,0x0000006591e00000)]
  0x000002129a79ac30 JavaThread "Monitor Deflation Thread" daemon [_thread_blocked, id=8076, stack(0x0000006591e00000,0x0000006591f00000)]
  0x000002129a79c120 JavaThread "C2 CompilerThread0" daemon [_thread_blocked, id=12332, stack(0x0000006591f00000,0x0000006592000000)]
  0x000002129a7a3fe0 JavaThread "C1 CompilerThread0" daemon [_thread_blocked, id=7564, stack(0x0000006592000000,0x0000006592100000)]
  0x000002129a7a50d0 JavaThread "Sweeper thread" daemon [_thread_blocked, id=25228, stack(0x0000006592100000,0x0000006592200000)]
  0x000002129a8ebff0 JavaThread "Common-Cleaner" daemon [_thread_blocked, id=3980, stack(0x0000006592200000,0x0000006592300000)]
  0x000002129a915980 JavaThread "C1 CompilerThread1" daemon [_thread_blocked, id=2676, stack(0x0000006592300000,0x0000006592400000)]
  0x000002129a91d640 JavaThread "C2 CompilerThread1" daemon [_thread_blocked, id=10852, stack(0x0000006592400000,0x0000006592500000)]
  0x000002129aa1c8b0 JavaThread "C1 CompilerThread2" daemon [_thread_blocked, id=18936, stack(0x0000006592500000,0x0000006592600000)]
  0x000002129aa6ee60 JavaThread "C1 CompilerThread3" daemon [_thread_blocked, id=19204, stack(0x0000006592600000,0x0000006592700000)]
  0x000002129c84a070 JavaThread "Notification Thread" daemon [_thread_blocked, id=9068, stack(0x0000006592700000,0x0000006592800000)]
=>0x000002129c932580 JavaThread "C2 CompilerThread2" daemon [_thread_in_native, id=10036, stack(0x0000006592900000,0x0000006592a00000)]

Other Threads:
  0x00000212ffba5730 VMThread "VM Thread" [stack: 0x0000006591800000,0x0000006591900000] [id=6356]
  0x000002129c827d60 WatcherThread [stack: 0x0000006592800000,0x0000006592900000] [id=6660]
  0x00000212ffb30650 GCTaskThread "GC Thread#0" [stack: 0x0000006591700000,0x0000006591800000] [id=21324]
  0x000002129d2c6730 GCTaskThread "GC Thread#1" [stack: 0x0000006592a00000,0x0000006592b00000] [id=12120]
  0x000002129ce8eb90 GCTaskThread "GC Thread#2" [stack: 0x0000006592b00000,0x0000006592c00000] [id=26028]
  0x000002129ce8ee50 GCTaskThread "GC Thread#3" [stack: 0x0000006592c00000,0x0000006592d00000] [id=12200]
  0x000002129cffa460 GCTaskThread "GC Thread#4" [stack: 0x0000006592d00000,0x0000006592e00000] [id=23788]
  0x000002129cffa720 GCTaskThread "GC Thread#5" [stack: 0x0000006592e00000,0x0000006592f00000] [id=19320]

Threads with active compile tasks:
C2 CompilerThread2     1470  740   !   4       java.util.jar.Attributes::read (498 bytes)

VM state: not at safepoint (normal execution)

VM Mutex/Monitor currently owned by a thread: None

Heap address: 0x00000000c0000000, size: 1024 MB, Compressed Oops mode: 32-bit

CDS archive(s) not mapped
Compressed class space mapped at: 0x0000000100000000-0x0000000140000000, reserved size: 1073741824
Narrow klass base: 0x0000000000000000, Narrow klass shift: 3, Narrow klass range: 0x140000000

GC Precious Log:
 CPUs: 16 total, 16 available
 Memory: 15733M
 Large Page Support: Disabled
 NUMA Support: Disabled
 Compressed Oops: Enabled (32-bit)
 Alignments: Space 512K, Generation 512K, Heap 2M
 Heap Min Capacity: 100M
 Heap Initial Capacity: 100M
 Heap Max Capacity: 1G
 Pre-touch: Disabled
 Parallel Workers: 13

Heap:
 PSYoungGen      total 29696K, used 6817K [0x00000000eab00000, 0x00000000ecc00000, 0x0000000100000000)
  eden space 25600K, 14% used [0x00000000eab00000,0x00000000eaea73f0,0x00000000ec400000)
  from space 4096K, 75% used [0x00000000ec400000,0x00000000ec701340,0x00000000ec800000)
  to   space 4096K, 0% used [0x00000000ec800000,0x00000000ec800000,0x00000000ecc00000)
 ParOldGen       total 68608K, used 16K [0x00000000c0000000, 0x00000000c4300000, 0x00000000eab00000)
  object space 68608K, 0% used [0x00000000c0000000,0x00000000c0004000,0x00000000c4300000)
 Metaspace       used 11228K, committed 11392K, reserved 1114112K
  class space    used 1120K, committed 1216K, reserved 1048576K

Card table byte_map: [0x00000212ffde0000,0x00000212ffff0000] _byte_map_base: 0x00000212ff7e0000

Marking Bits: (ParMarkBitMap*) 0x00007ff956d958b0
 Begin Bits: [0x0000021293150000, 0x0000021294150000)
 End Bits:   [0x0000021294150000, 0x0000021295150000)

Polling page: 0x00000212ffbd0000

Metaspace:

Usage:
  Non-class:      9.87 MB used.
      Class:      1.09 MB used.
       Both:     10.96 MB used.

Virtual space:
  Non-class space:       64.00 MB reserved,       9.94 MB ( 16%) committed,  1 nodes.
      Class space:        1.00 GB reserved,       1.19 MB ( <1%) committed,  1 nodes.
             Both:        1.06 GB reserved,      11.12 MB (  1%) committed. 

Chunk freelists:
   Non-Class:  6.02 MB
       Class:  14.68 MB
        Both:  20.70 MB

MaxMetaspaceSize: unlimited
CompressedClassSpaceSize: 1.00 GB
Initial GC threshold: 21.00 MB
Current GC threshold: 21.00 MB
CDS: off
MetaspaceReclaimPolicy: balanced
 - commit_granule_bytes: 65536.
 - commit_granule_words: 8192.
 - virtual_space_node_default_size: 8388608.
 - enlarge_chunks_in_place: 1.
 - new_chunks_are_fully_committed: 0.
 - uncommit_free_chunks: 1.
 - use_allocation_guard: 0.
 - handle_deallocations: 1.


Internal statistics:

num_allocs_failed_limit: 0.
num_arena_births: 28.
num_arena_deaths: 0.
num_vsnodes_births: 2.
num_vsnodes_deaths: 0.
num_space_committed: 178.
num_space_uncommitted: 0.
num_chunks_returned_to_freelist: 0.
num_chunks_taken_from_freelist: 111.
num_chunk_merges: 0.
num_chunk_splits: 72.
num_chunks_enlarged: 54.
num_inconsistent_stats: 0.

CodeHeap 'non-profiled nmethods': size=119168Kb used=382Kb max_used=382Kb free=118785Kb
 bounds [0x000002128bb90000, 0x000002128be00000, 0x0000021292ff0000]
CodeHeap 'profiled nmethods': size=119104Kb used=1754Kb max_used=1754Kb free=117349Kb
 bounds [0x0000021283ff0000, 0x0000021284260000, 0x000002128b440000]
CodeHeap 'non-nmethods': size=7488Kb used=2834Kb max_used=2857Kb free=4654Kb
 bounds [0x000002128b440000, 0x000002128b710000, 0x000002128bb90000]
 total_blobs=1465 nmethods=1028 adapters=349
 compilation: enabled
              stopped_count=0, restarted_count=0
 full_count=0

Compilation events (20 events):
Event: 1.179 Thread 0x000002129aa1c8b0 nmethod 815 0x0000021284143990 code [0x0000021284143b40, 0x0000021284143cc8]
Event: 1.179 Thread 0x000002129aa1c8b0  820       3       java.util.LinkedHashMap$LinkedEntrySet::<init> (10 bytes)
Event: 1.180 Thread 0x000002129aa6ee60 nmethod 818 0x0000021284143d90 code [0x0000021284143f40, 0x0000021284144108]
Event: 1.180 Thread 0x000002129aa1c8b0 nmethod 820 0x0000021284144210 code [0x00000212841443c0, 0x00000212841445f8]
Event: 1.180 Thread 0x000002129aa6ee60  823       3       java.util.HashMap::putMapEntries (167 bytes)
Event: 1.180 Thread 0x000002129a915980 nmethod 817 0x0000021284144710 code [0x00000212841448a0, 0x0000021284144a58]
Event: 1.180 Thread 0x000002129aa1c8b0  821       3       java.util.LinkedHashMap$LinkedEntrySet::iterator (12 bytes)
Event: 1.180 Thread 0x000002129a915980  822       3       java.util.LinkedHashMap$LinkedEntryIterator::<init> (11 bytes)
Event: 1.180 Thread 0x000002129a7a3fe0 nmethod 819 0x0000021284144b10 code [0x0000021284144ce0, 0x0000021284145058]
Event: 1.180 Thread 0x000002129a7a3fe0  824       3       java.util.LinkedHashMap::<init> (16 bytes)
Event: 1.180 Thread 0x000002129a915980 nmethod 822 0x0000021284145190 code [0x0000021284145340, 0x0000021284145578]
Event: 1.180 Thread 0x000002129aa1c8b0 nmethod 821 0x0000021284145690 code [0x0000021284145840, 0x0000021284145b18]
Event: 1.181 Thread 0x000002129a915980  825       3       java.util.jar.Attributes::clone (9 bytes)
Event: 1.181 Thread 0x000002129a7a3fe0 nmethod 824 0x0000021284145c90 code [0x0000021284145e40, 0x00000212841460a8]
Event: 1.181 Thread 0x000002129aa1c8b0  826       3       java.util.jar.Attributes::<init> (17 bytes)
Event: 1.181 Thread 0x000002129a915980 nmethod 825 0x0000021284146210 code [0x00000212841463e0, 0x0000021284146868]
Event: 1.181 Thread 0x000002129aa1c8b0 nmethod 826 0x0000021284146a90 code [0x0000021284146c60, 0x0000021284147028]
Event: 1.181 Thread 0x000002129aa6ee60 nmethod 823 0x0000021284147210 code [0x00000212841474e0, 0x00000212841482c8]
Event: 1.193 Thread 0x000002129a79c120 nmethod 810 0x000002128bbdf510 code [0x000002128bbdf6c0, 0x000002128bbdfdb8]
Event: 1.193 Thread 0x000002129a79c120  827       4       sun.security.util.ManifestDigester::findSection (181 bytes)

GC Heap History (0 events):
No events

Dll operation events (8 events):
Event: 0.015 Loaded shared library c:\Users\MSI\.vscode\extensions\redhat.java-1.35.1-win32-x64\jre\17.0.12-win32-x86_64\bin\java.dll
Event: 0.239 Loaded shared library c:\Users\MSI\.vscode\extensions\redhat.java-1.35.1-win32-x64\jre\17.0.12-win32-x86_64\bin\zip.dll
Event: 0.244 Loaded shared library C:\Users\MSI\.vscode\extensions\redhat.java-1.35.1-win32-x64\jre\17.0.12-win32-x86_64\bin\instrument.dll
Event: 0.265 Loaded shared library C:\Users\MSI\.vscode\extensions\redhat.java-1.35.1-win32-x64\jre\17.0.12-win32-x86_64\bin\net.dll
Event: 0.269 Loaded shared library C:\Users\MSI\.vscode\extensions\redhat.java-1.35.1-win32-x64\jre\17.0.12-win32-x86_64\bin\nio.dll
Event: 0.284 Loaded shared library C:\Users\MSI\.vscode\extensions\redhat.java-1.35.1-win32-x64\jre\17.0.12-win32-x86_64\bin\zip.dll
Event: 0.316 Loaded shared library C:\Users\MSI\.vscode\extensions\redhat.java-1.35.1-win32-x64\jre\17.0.12-win32-x86_64\bin\jimage.dll
Event: 0.429 Loaded shared library c:\Users\MSI\.vscode\extensions\redhat.java-1.35.1-win32-x64\jre\17.0.12-win32-x86_64\bin\verify.dll

Deoptimization events (20 events):
Event: 1.184 Thread 0x00000212ffb1be30 DEOPT PACKING pc=0x0000021284111f00 sp=0x00000065916fd450
Event: 1.184 Thread 0x00000212ffb1be30 DEOPT UNPACKING pc=0x000002128b496e43 sp=0x00000065916fc8c0 mode 0
Event: 1.185 Thread 0x00000212ffb1be30 DEOPT PACKING pc=0x0000021284111f00 sp=0x00000065916fd450
Event: 1.185 Thread 0x00000212ffb1be30 DEOPT UNPACKING pc=0x000002128b496e43 sp=0x00000065916fc8c0 mode 0
Event: 1.185 Thread 0x00000212ffb1be30 DEOPT PACKING pc=0x0000021284111f00 sp=0x00000065916fd450
Event: 1.185 Thread 0x00000212ffb1be30 DEOPT UNPACKING pc=0x000002128b496e43 sp=0x00000065916fc8c0 mode 0
Event: 1.185 Thread 0x00000212ffb1be30 DEOPT PACKING pc=0x0000021284111f00 sp=0x00000065916fd450
Event: 1.185 Thread 0x00000212ffb1be30 DEOPT UNPACKING pc=0x000002128b496e43 sp=0x00000065916fc8c0 mode 0
Event: 1.185 Thread 0x00000212ffb1be30 DEOPT PACKING pc=0x0000021284111f00 sp=0x00000065916fd450
Event: 1.185 Thread 0x00000212ffb1be30 DEOPT UNPACKING pc=0x000002128b496e43 sp=0x00000065916fc8c0 mode 0
Event: 1.186 Thread 0x00000212ffb1be30 DEOPT PACKING pc=0x0000021284111f00 sp=0x00000065916fd450
Event: 1.186 Thread 0x00000212ffb1be30 DEOPT UNPACKING pc=0x000002128b496e43 sp=0x00000065916fc8c0 mode 0
Event: 1.186 Thread 0x00000212ffb1be30 DEOPT PACKING pc=0x0000021284111f00 sp=0x00000065916fd450
Event: 1.186 Thread 0x00000212ffb1be30 DEOPT UNPACKING pc=0x000002128b496e43 sp=0x00000065916fc8c0 mode 0
Event: 1.186 Thread 0x00000212ffb1be30 DEOPT PACKING pc=0x0000021284111f00 sp=0x00000065916fd450
Event: 1.186 Thread 0x00000212ffb1be30 DEOPT UNPACKING pc=0x000002128b496e43 sp=0x00000065916fc8c0 mode 0
Event: 1.195 Thread 0x00000212ffb1be30 Uncommon trap: trap_request=0xffffffc6 fr.pc=0x000002128bbdc03c relative=0x000000000000027c
Event: 1.195 Thread 0x00000212ffb1be30 Uncommon trap: reason=bimorphic_or_optimized_type_check action=maybe_recompile pc=0x000002128bbdc03c method=java.util.HashMap.getNode(Ljava/lang/Object;)Ljava/util/HashMap$Node; @ 128 c2
Event: 1.195 Thread 0x00000212ffb1be30 DEOPT PACKING pc=0x000002128bbdc03c sp=0x00000065916fcfa0
Event: 1.195 Thread 0x00000212ffb1be30 DEOPT UNPACKING pc=0x000002128b4966a3 sp=0x00000065916fcf28 mode 2

Classes loaded (20 events):
Event: 1.192 Loading class jdk/internal/logger/AbstractLoggerWrapper
Event: 1.192 Loading class jdk/internal/logger/AbstractLoggerWrapper done
Event: 1.192 Loading class jdk/internal/logger/LazyLoggers$LazyLoggerWrapper done
Event: 1.192 Loading class jdk/internal/logger/LazyLoggers$JdkLazyLogger done
Event: 1.193 Loading class jdk/internal/logger/LazyLoggers$LazyLoggerAccessor
Event: 1.193 Loading class jdk/internal/logger/LazyLoggers$LoggerAccessor
Event: 1.193 Loading class jdk/internal/logger/LazyLoggers$LoggerAccessor done
Event: 1.193 Loading class jdk/internal/logger/LazyLoggers$LazyLoggerAccessor done
Event: 1.193 Loading class jdk/internal/logger/BootstrapLogger$RedirectedLoggers
Event: 1.193 Loading class jdk/internal/logger/BootstrapLogger$RedirectedLoggers done
Event: 1.194 Loading class jdk/internal/logger/SurrogateLogger
Event: 1.194 Loading class jdk/internal/logger/SimpleConsoleLogger
Event: 1.194 Loading class sun/util/logging/PlatformLogger$ConfigurableBridge$LoggerConfiguration
Event: 1.194 Loading class sun/util/logging/PlatformLogger$ConfigurableBridge$LoggerConfiguration done
Event: 1.194 Loading class jdk/internal/logger/SimpleConsoleLogger done
Event: 1.194 Loading class jdk/internal/logger/SurrogateLogger done
Event: 1.194 Loading class sun/util/logging/PlatformLogger
Event: 1.194 Loading class sun/util/logging/PlatformLogger done
Event: 1.194 Loading class sun/util/logging/PlatformLogger$Level
Event: 1.195 Loading class sun/util/logging/PlatformLogger$Level done

Classes unloaded (0 events):
No events

Classes redefined (0 events):
No events

Internal exceptions (9 events):
Event: 0.197 Thread 0x00000212ffb1be30 Exception <a 'java/lang/NoSuchMethodError'{0x00000000eacb5c18}: 'void java.lang.invoke.DirectMethodHandle$Holder.invokeStatic(java.lang.Object, java.lang.Object, java.lang.Object)'> (0x00000000eacb5c18) 
thrown [s\src\hotspot\share\interpreter\linkResolver.cpp, line 759]
Event: 0.484 Thread 0x00000212ffb1be30 Exception <a 'java/lang/reflect/InvocationTargetException'{0x00000000eb0e9180}> (0x00000000eb0e9180) 
thrown [s\src\hotspot\share\runtime\reflection.cpp, line 1128]
Event: 0.943 Thread 0x00000212ffb1be30 Exception <a 'java/lang/ClassNotFoundException'{0x00000000eba03060}: sun/net/www/protocol/c/Handler> (0x00000000eba03060) 
thrown [s\src\hotspot\share\classfile\systemDictionary.cpp, line 256]
Event: 0.951 Thread 0x00000212ffb1be30 Exception <a 'java/io/FileNotFoundException'{0x00000000eba1ac50}> (0x00000000eba1ac50) 
thrown [s\src\hotspot\share\prims\jni.cpp, line 516]
Event: 0.952 Thread 0x00000212ffb1be30 Exception <a 'java/io/FileNotFoundException'{0x00000000eba1b948}> (0x00000000eba1b948) 
thrown [s\src\hotspot\share\prims\jni.cpp, line 516]
Event: 0.953 Thread 0x00000212ffb1be30 Exception <a 'java/io/FileNotFoundException'{0x00000000eba1c620}> (0x00000000eba1c620) 
thrown [s\src\hotspot\share\prims\jni.cpp, line 516]
Event: 0.953 Thread 0x00000212ffb1be30 Exception <a 'java/io/FileNotFoundException'{0x00000000eba1d2d0}> (0x00000000eba1d2d0) 
thrown [s\src\hotspot\share\prims\jni.cpp, line 516]
Event: 0.961 Thread 0x00000212ffb1be30 Implicit null exception at 0x000002128bbb42f2 to 0x000002128bbb4810
Event: 0.967 Thread 0x00000212ffb1be30 Exception <a 'java/io/FileNotFoundException'{0x00000000eba57b98}> (0x00000000eba57b98) 
thrown [s\src\hotspot\share\prims\jni.cpp, line 516]

VM Operations (8 events):
Event: 0.207 Executing VM operation: HandshakeAllThreads
Event: 0.207 Executing VM operation: HandshakeAllThreads done
Event: 0.343 Executing VM operation: HandshakeAllThreads
Event: 0.344 Executing VM operation: HandshakeAllThreads done
Event: 0.900 Executing VM operation: HandshakeAllThreads
Event: 0.900 Executing VM operation: HandshakeAllThreads done
Event: 0.929 Executing VM operation: HandshakeAllThreads
Event: 0.929 Executing VM operation: HandshakeAllThreads done

Events (17 events):
Event: 0.055 Thread 0x00000212ffb1be30 Thread added: 0x00000212ffb1be30
Event: 0.069 Thread 0x00000212ffbc8fc0 Thread added: 0x00000212ffbc8fc0
Event: 0.070 Thread 0x00000212ffbc9a90 Thread added: 0x00000212ffbc9a90
Event: 0.090 Thread 0x000002129556cf00 Thread added: 0x000002129556cf00
Event: 0.090 Thread 0x000002129556d7d0 Thread added: 0x000002129556d7d0
Event: 0.090 Thread 0x000002129556eae0 Thread added: 0x000002129556eae0
Event: 0.090 Thread 0x000002129a79ac30 Thread added: 0x000002129a79ac30
Event: 0.090 Thread 0x000002129a79c120 Thread added: 0x000002129a79c120
Event: 0.091 Thread 0x000002129a7a3fe0 Thread added: 0x000002129a7a3fe0
Event: 0.091 Thread 0x000002129a7a50d0 Thread added: 0x000002129a7a50d0
Event: 0.169 Thread 0x000002129a8ebff0 Thread added: 0x000002129a8ebff0
Event: 0.204 Thread 0x000002129a915980 Thread added: 0x000002129a915980
Event: 0.222 Thread 0x000002129a91d640 Thread added: 0x000002129a91d640
Event: 0.336 Thread 0x000002129aa1c8b0 Thread added: 0x000002129aa1c8b0
Event: 0.336 Thread 0x000002129aa6ee60 Thread added: 0x000002129aa6ee60
Event: 0.610 Thread 0x000002129c84a070 Thread added: 0x000002129c84a070
Event: 0.750 Thread 0x000002129c932580 Thread added: 0x000002129c932580


Dynamic libraries:
0x00007ff6724a0000 - 0x00007ff6724ae000 	c:\Users\MSI\.vscode\extensions\redhat.java-1.35.1-win32-x64\jre\17.0.12-win32-x86_64\bin\java.exe
0x00007ff9c11b0000 - 0x00007ff9c13c7000 	C:\Windows\SYSTEM32\ntdll.dll
0x00007ff9bf7f0000 - 0x00007ff9bf8b4000 	C:\Windows\System32\KERNEL32.DLL
0x00007ff9be830000 - 0x00007ff9bebdd000 	C:\Windows\System32\KERNELBASE.dll
0x00007ff9be530000 - 0x00007ff9be641000 	C:\Windows\System32\ucrtbase.dll
0x00007ff9ad670000 - 0x00007ff9ad68b000 	c:\Users\MSI\.vscode\extensions\redhat.java-1.35.1-win32-x64\jre\17.0.12-win32-x86_64\bin\VCRUNTIME140.dll
0x00007ff9adaf0000 - 0x00007ff9adb07000 	c:\Users\MSI\.vscode\extensions\redhat.java-1.35.1-win32-x64\jre\17.0.12-win32-x86_64\bin\jli.dll
0x00007ff9bfba0000 - 0x00007ff9bfd4e000 	C:\Windows\System32\USER32.dll
0x00007ff9be500000 - 0x00007ff9be526000 	C:\Windows\System32\win32u.dll
0x00007ff995990000 - 0x00007ff995c23000 	C:\Windows\WinSxS\amd64_microsoft.windows.common-controls_6595b64144ccf1df_6.0.22621.3672_none_2713b9d173822955\COMCTL32.dll
0x00007ff9bf100000 - 0x00007ff9bf129000 	C:\Windows\System32\GDI32.dll
0x00007ff9bf9c0000 - 0x00007ff9bfa67000 	C:\Windows\System32\msvcrt.dll
0x00007ff9bebe0000 - 0x00007ff9becf9000 	C:\Windows\System32\gdi32full.dll
0x00007ff9be6d0000 - 0x00007ff9be76a000 	C:\Windows\System32\msvcp_win.dll
0x00007ff9bf0c0000 - 0x00007ff9bf0f1000 	C:\Windows\System32\IMM32.DLL
0x00007ff9ba050000 - 0x00007ff9ba05c000 	c:\Users\MSI\.vscode\extensions\redhat.java-1.35.1-win32-x64\jre\17.0.12-win32-x86_64\bin\vcruntime140_1.dll
0x00007ff9a2a70000 - 0x00007ff9a2afd000 	c:\Users\MSI\.vscode\extensions\redhat.java-1.35.1-win32-x64\jre\17.0.12-win32-x86_64\bin\msvcp140.dll
0x00007ff9561f0000 - 0x00007ff956e5a000 	c:\Users\MSI\.vscode\extensions\redhat.java-1.35.1-win32-x64\jre\17.0.12-win32-x86_64\bin\server\jvm.dll
0x00007ff9c0f10000 - 0x00007ff9c0fc2000 	C:\Windows\System32\ADVAPI32.dll
0x00007ff9c10c0000 - 0x00007ff9c1169000 	C:\Windows\System32\sechost.dll
0x00007ff9be4d0000 - 0x00007ff9be4f8000 	C:\Windows\System32\bcrypt.dll
0x00007ff9c0710000 - 0x00007ff9c0824000 	C:\Windows\System32\RPCRT4.dll
0x00007ff9c0e80000 - 0x00007ff9c0ef1000 	C:\Windows\System32\WS2_32.dll
0x00007ff9be140000 - 0x00007ff9be18d000 	C:\Windows\SYSTEM32\POWRPROF.dll
0x00007ff9b8d40000 - 0x00007ff9b8d74000 	C:\Windows\SYSTEM32\WINMM.dll
0x00007ff9b4ab0000 - 0x00007ff9b4aba000 	C:\Windows\SYSTEM32\VERSION.dll
0x00007ff9be120000 - 0x00007ff9be133000 	C:\Windows\SYSTEM32\UMPDC.dll
0x00007ff9bd480000 - 0x00007ff9bd498000 	C:\Windows\SYSTEM32\kernel.appcore.dll
0x00007ff9b8f30000 - 0x00007ff9b8f3a000 	c:\Users\MSI\.vscode\extensions\redhat.java-1.35.1-win32-x64\jre\17.0.12-win32-x86_64\bin\jimage.dll
0x00007ff9b3eb0000 - 0x00007ff9b40e2000 	C:\Windows\SYSTEM32\DBGHELP.DLL
0x00007ff9c0af0000 - 0x00007ff9c0e7e000 	C:\Windows\System32\combase.dll
0x00007ff9c0fe0000 - 0x00007ff9c10b7000 	C:\Windows\System32\OLEAUT32.dll
0x00007ff9ac700000 - 0x00007ff9ac732000 	C:\Windows\SYSTEM32\dbgcore.DLL
0x00007ff9be650000 - 0x00007ff9be6cb000 	C:\Windows\System32\bcryptPrimitives.dll
0x00007ff9b8ed0000 - 0x00007ff9b8ede000 	c:\Users\MSI\.vscode\extensions\redhat.java-1.35.1-win32-x64\jre\17.0.12-win32-x86_64\bin\instrument.dll
0x00007ff9aad80000 - 0x00007ff9aada5000 	c:\Users\MSI\.vscode\extensions\redhat.java-1.35.1-win32-x64\jre\17.0.12-win32-x86_64\bin\java.dll
0x00007ff9aadf0000 - 0x00007ff9aae08000 	c:\Users\MSI\.vscode\extensions\redhat.java-1.35.1-win32-x64\jre\17.0.12-win32-x86_64\bin\zip.dll
0x00007ff9bfd50000 - 0x00007ff9c05b7000 	C:\Windows\System32\SHELL32.dll
0x00007ff9bc400000 - 0x00007ff9bccff000 	C:\Windows\SYSTEM32\windows.storage.dll
0x00007ff9bc2c0000 - 0x00007ff9bc3ff000 	C:\Windows\SYSTEM32\wintypes.dll
0x00007ff9c0830000 - 0x00007ff9c0929000 	C:\Windows\System32\SHCORE.dll
0x00007ff9bf040000 - 0x00007ff9bf09e000 	C:\Windows\System32\shlwapi.dll
0x00007ff9be400000 - 0x00007ff9be427000 	C:\Windows\SYSTEM32\profapi.dll
0x00007ff9aab20000 - 0x00007ff9aab39000 	C:\Users\MSI\.vscode\extensions\redhat.java-1.35.1-win32-x64\jre\17.0.12-win32-x86_64\bin\net.dll
0x00007ff9ba1f0000 - 0x00007ff9ba326000 	C:\Windows\SYSTEM32\WINHTTP.dll
0x00007ff9bd940000 - 0x00007ff9bd9a9000 	C:\Windows\system32\mswsock.dll
0x00007ff9aa4d0000 - 0x00007ff9aa4e6000 	C:\Users\MSI\.vscode\extensions\redhat.java-1.35.1-win32-x64\jre\17.0.12-win32-x86_64\bin\nio.dll
0x00007ff9b8eb0000 - 0x00007ff9b8ec0000 	c:\Users\MSI\.vscode\extensions\redhat.java-1.35.1-win32-x64\jre\17.0.12-win32-x86_64\bin\verify.dll

dbghelp: loaded successfully - version: 4.0.5 - missing functions: none
symbol engine: initialized successfully - sym options: 0x614 - pdb path: .;c:\Users\MSI\.vscode\extensions\redhat.java-1.35.1-win32-x64\jre\17.0.12-win32-x86_64\bin;C:\Windows\SYSTEM32;C:\Windows\WinSxS\amd64_microsoft.windows.common-controls_6595b64144ccf1df_6.0.22621.3672_none_2713b9d173822955;c:\Users\MSI\.vscode\extensions\redhat.java-1.35.1-win32-x64\jre\17.0.12-win32-x86_64\bin\server

VM Arguments:
jvm_args: --add-modules=ALL-SYSTEM --add-opens=java.base/java.util=ALL-UNNAMED --add-opens=java.base/java.lang=ALL-UNNAMED --add-opens=java.base/sun.nio.fs=ALL-UNNAMED -Declipse.application=org.eclipse.jdt.ls.core.id1 -Dosgi.bundles.defaultStartLevel=4 -Declipse.product=org.eclipse.jdt.ls.core.product -Djava.import.generatesMetadataFilesAtProjectRoot=false -DDetectVMInstallationsJob.disabled=true -Dfile.encoding=utf8 -XX:+UseParallelGC -XX:GCTimeRatio=4 -XX:AdaptiveSizePolicyWeight=90 -Dsun.zip.disableMemoryMapping=true -Xmx1G -Xms100m -Xlog:disable -javaagent:c:\Users\MSI\.vscode\extensions\redhat.java-1.35.1-win32-x64\lombok\lombok-1.18.33.jar 
java_command: c:\Users\MSI\.vscode\extensions\redhat.java-1.35.1-win32-x64\server\plugins\org.eclipse.equinox.launcher_1.6.900.v20240613-2009.jar -configuration c:\Users\MSI\AppData\Roaming\Code\User\globalStorage\redhat.java\1.35.1\config_ss_win -data c:\Users\MSI\AppData\Roaming\Code\User\workspaceStorage\c1d34ecf8d0e7b3dbf21a85724bc6585\redhat.java\ss_ws --pipe=\\.\pipe\lsp-1e71ceee1e4941667e1a4bc968e21db3-sock
java_class_path (initial): c:\Users\MSI\.vscode\extensions\redhat.java-1.35.1-win32-x64\server\plugins\org.eclipse.equinox.launcher_1.6.900.v20240613-2009.jar
Launcher Type: SUN_STANDARD

[Global flags]
    uintx AdaptiveSizePolicyWeight                 = 90                                        {product} {command line}
     intx CICompilerCount                          = 12                                        {product} {ergonomic}
    uintx GCTimeRatio                              = 4                                         {product} {command line}
   size_t InitialHeapSize                          = 104857600                                 {product} {command line}
   size_t MaxHeapSize                              = 1073741824                                {product} {command line}
   size_t MaxNewSize                               = 357564416                                 {product} {ergonomic}
   size_t MinHeapDeltaBytes                        = 524288                                    {product} {ergonomic}
   size_t MinHeapSize                              = 104857600                                 {product} {command line}
   size_t NewSize                                  = 34603008                                  {product} {ergonomic}
    uintx NonNMethodCodeHeapSize                   = 7602480                                {pd product} {ergonomic}
    uintx NonProfiledCodeHeapSize                  = 122027880                              {pd product} {ergonomic}
   size_t OldSize                                  = 70254592                                  {product} {ergonomic}
    uintx ProfiledCodeHeapSize                     = 122027880                              {pd product} {ergonomic}
    uintx ReservedCodeCacheSize                    = 251658240                              {pd product} {ergonomic}
     bool SegmentedCodeCache                       = true                                      {product} {ergonomic}
   size_t SoftMaxHeapSize                          = 1073741824                             {manageable} {ergonomic}
     bool UseCompressedClassPointers               = true                           {product lp64_product} {ergonomic}
     bool UseCompressedOops                        = true                           {product lp64_product} {ergonomic}
     bool UseLargePagesIndividualAllocation        = false                                  {pd product} {ergonomic}
     bool UseParallelGC                            = true                                      {product} {command line}

Logging:
Log output configuration:
 #0: stdout all=off uptime,level,tags
 #1: stderr all=off uptime,level,tags

Environment Variables:
PATH=C:\Program Files\Common Files\Oracle\Java\javapath;C:\Windows\system32;C:\Windows;C:\Windows\System32\Wbem;C:\Windows\System32\WindowsPowerShell\v1.0\;C:\Windows\System32\OpenSSH\;C:\Program Files\nodejs\;C:\Program Files\Git\cmd;C:\Users\MSI\AppData\Local\Microsoft\WindowsApps;C:\Users\MSI\AppData\Local\Programs\Microsoft VS Code\bin;C:\Users\MSI\AppData\Roaming\npm
USERNAME=MSI
OS=Windows_NT
PROCESSOR_IDENTIFIER=AMD64 Family 23 Model 104 Stepping 1, AuthenticAMD
TMP=C:\Users\MSI\AppData\Local\Temp
TEMP=C:\Users\MSI\AppData\Local\Temp



Periodic native trim disabled


---------------  S Y S T E M  ---------------

OS:
 Windows 11 , 64 bit Build 22621 (10.0.22621.3958)
OS uptime: 23 days 4:24 hours
Hyper-V role detected

CPU: total 16 (initial active 16) (16 cores per cpu, 2 threads per core) family 23 model 104 stepping 1 microcode 0x0, cx8, cmov, fxsr, ht, mmx, 3dnowpref, sse, sse2, sse3, ssse3, sse4a, sse4.1, sse4.2, popcnt, lzcnt, tsc, tscinvbit, avx, avx2, aes, clmul, bmi1, bmi2, adx, sha, fma, vzeroupper, clflush, clflushopt, hv
Processor Information for all 16 processors :
  Max Mhz: 1801, Current Mhz: 1801, Mhz Limit: 1801

Memory: 4k page, system-wide physical 15733M (647M free)
TotalPageFile size 33767M (AvailPageFile size 15M)
current process WorkingSet (physical memory assigned to process): 79M, peak: 79M
current process commit charge ("private bytes"): 218M, peak: 218M

vm_info: OpenJDK 64-Bit Server VM (17.0.12+7) for windows-amd64 JRE (17.0.12+7), built on Jul 16 2024 22:08:24 by "admin" with MS VC++ 16.10 / 16.11 (VS2019)

END.
